{"/Users/ruojialiu/Desktop/HRProject/Atelier/client/src/components/overview/components/Basics/Basics.jsx": {"path":"/Users/ruojialiu/Desktop/HRProject/Atelier/client/src/components/overview/components/Basics/Basics.jsx","statementMap":{"0":{"start":{"line":5,"column":2},"end":{"line":17,"column":4}}},"fnMap":{"0":{"name":"Basics","decl":{"start":{"line":4,"column":9},"end":{"line":4,"column":15}},"loc":{"start":{"line":4,"column":48},"end":{"line":18,"column":1}},"line":4}},"branchMap":{},"s":{"0":1},"f":{"0":1},"b":{},"_coverageSchema":"1a1c01bbd47fc00a2c39e90264f33305004495a9","hash":"1e9542cb1411d509f9d1b66f43693c963fd381cf"}
,"/Users/ruojialiu/Desktop/HRProject/Atelier/client/src/components/overview/components/Basics/Price.jsx": {"path":"/Users/ruojialiu/Desktop/HRProject/Atelier/client/src/components/overview/components/Basics/Price.jsx","statementMap":{"0":{"start":{"line":4,"column":36},"end":{"line":4,"column":48}},"1":{"start":{"line":5,"column":36},"end":{"line":5,"column":48}},"2":{"start":{"line":6,"column":46},"end":{"line":6,"column":58}},"3":{"start":{"line":8,"column":2},"end":{"line":17,"column":22}},"4":{"start":{"line":9,"column":4},"end":{"line":9,"column":47}},"5":{"start":{"line":10,"column":4},"end":{"line":16,"column":5}},"6":{"start":{"line":11,"column":6},"end":{"line":11,"column":23}},"7":{"start":{"line":12,"column":6},"end":{"line":12,"column":28}},"8":{"start":{"line":14,"column":6},"end":{"line":14,"column":59}},"9":{"start":{"line":15,"column":6},"end":{"line":15,"column":60}},"10":{"start":{"line":19,"column":2},"end":{"line":31,"column":4}}},"fnMap":{"0":{"name":"Price","decl":{"start":{"line":3,"column":9},"end":{"line":3,"column":14}},"loc":{"start":{"line":3,"column":34},"end":{"line":32,"column":1}},"line":3},"1":{"name":"(anonymous_1)","decl":{"start":{"line":8,"column":12},"end":{"line":8,"column":13}},"loc":{"start":{"line":8,"column":18},"end":{"line":17,"column":3}},"line":8}},"branchMap":{"0":{"loc":{"start":{"line":10,"column":4},"end":{"line":16,"column":5}},"type":"if","locations":[{"start":{"line":10,"column":4},"end":{"line":16,"column":5}},{"start":{"line":13,"column":11},"end":{"line":16,"column":5}}],"line":10}},"s":{"0":2,"1":2,"2":2,"3":2,"4":1,"5":1,"6":1,"7":1,"8":0,"9":0,"10":2},"f":{"0":2,"1":1},"b":{"0":[1,0]},"_coverageSchema":"1a1c01bbd47fc00a2c39e90264f33305004495a9","hash":"3df64493d4cdc1fdfb529e80985db3efbc226b45"}
,"/Users/ruojialiu/Desktop/HRProject/Atelier/client/src/components/qs-and-as/AEntry.jsx": {"path":"/Users/ruojialiu/Desktop/HRProject/Atelier/client/src/components/qs-and-as/AEntry.jsx","statementMap":{"0":{"start":{"line":4,"column":15},"end":{"line":56,"column":1}},"1":{"start":{"line":5,"column":40},"end":{"line":5,"column":55}},"2":{"start":{"line":6,"column":32},"end":{"line":6,"column":44}},"3":{"start":{"line":7,"column":34},"end":{"line":7,"column":49}},"4":{"start":{"line":9,"column":20},"end":{"line":13,"column":3}},"5":{"start":{"line":10,"column":12},"end":{"line":10,"column":26}},"6":{"start":{"line":11,"column":20},"end":{"line":11,"column":71}},"7":{"start":{"line":12,"column":4},"end":{"line":12,"column":49}},"8":{"start":{"line":15,"column":23},"end":{"line":19,"column":3}},"9":{"start":{"line":16,"column":4},"end":{"line":16,"column":17}},"10":{"start":{"line":17,"column":4},"end":{"line":17,"column":24}},"11":{"start":{"line":18,"column":4},"end":{"line":18,"column":10}},"12":{"start":{"line":21,"column":24},"end":{"line":25,"column":3}},"13":{"start":{"line":22,"column":4},"end":{"line":24,"column":34}},"14":{"start":{"line":23,"column":17},"end":{"line":23,"column":53}},"15":{"start":{"line":24,"column":18},"end":{"line":24,"column":32}},"16":{"start":{"line":27,"column":23},"end":{"line":32,"column":3}},"17":{"start":{"line":28,"column":4},"end":{"line":28,"column":35}},"18":{"start":{"line":29,"column":4},"end":{"line":31,"column":34}},"19":{"start":{"line":30,"column":18},"end":{"line":30,"column":49}},"20":{"start":{"line":30,"column":50},"end":{"line":30,"column":67}},"21":{"start":{"line":31,"column":18},"end":{"line":31,"column":32}},"22":{"start":{"line":34,"column":2},"end":{"line":54,"column":3}},"23":{"start":{"line":42,"column":79},"end":{"line":42,"column":187}},"24":{"start":{"line":42,"column":162},"end":{"line":42,"column":179}},"25":{"start":{"line":44,"column":69},"end":{"line":44,"column":90}}},"fnMap":{"0":{"name":"(anonymous_0)","decl":{"start":{"line":4,"column":15},"end":{"line":4,"column":16}},"loc":{"start":{"line":4,"column":26},"end":{"line":56,"column":1}},"line":4},"1":{"name":"(anonymous_1)","decl":{"start":{"line":9,"column":20},"end":{"line":9,"column":21}},"loc":{"start":{"line":9,"column":30},"end":{"line":13,"column":3}},"line":9},"2":{"name":"(anonymous_2)","decl":{"start":{"line":15,"column":23},"end":{"line":15,"column":24}},"loc":{"start":{"line":15,"column":30},"end":{"line":19,"column":3}},"line":15},"3":{"name":"(anonymous_3)","decl":{"start":{"line":21,"column":24},"end":{"line":21,"column":25}},"loc":{"start":{"line":21,"column":30},"end":{"line":25,"column":3}},"line":21},"4":{"name":"(anonymous_4)","decl":{"start":{"line":23,"column":10},"end":{"line":23,"column":11}},"loc":{"start":{"line":23,"column":17},"end":{"line":23,"column":53}},"line":23},"5":{"name":"(anonymous_5)","decl":{"start":{"line":24,"column":11},"end":{"line":24,"column":12}},"loc":{"start":{"line":24,"column":18},"end":{"line":24,"column":32}},"line":24},"6":{"name":"(anonymous_6)","decl":{"start":{"line":27,"column":23},"end":{"line":27,"column":24}},"loc":{"start":{"line":27,"column":29},"end":{"line":32,"column":3}},"line":27},"7":{"name":"(anonymous_7)","decl":{"start":{"line":30,"column":10},"end":{"line":30,"column":11}},"loc":{"start":{"line":30,"column":17},"end":{"line":30,"column":68}},"line":30},"8":{"name":"(anonymous_8)","decl":{"start":{"line":31,"column":11},"end":{"line":31,"column":12}},"loc":{"start":{"line":31,"column":18},"end":{"line":31,"column":32}},"line":31},"9":{"name":"(anonymous_9)","decl":{"start":{"line":42,"column":67},"end":{"line":42,"column":68}},"loc":{"start":{"line":42,"column":79},"end":{"line":42,"column":187}},"line":42},"10":{"name":"(anonymous_10)","decl":{"start":{"line":42,"column":155},"end":{"line":42,"column":156}},"loc":{"start":{"line":42,"column":162},"end":{"line":42,"column":179}},"line":42},"11":{"name":"(anonymous_11)","decl":{"start":{"line":44,"column":63},"end":{"line":44,"column":64}},"loc":{"start":{"line":44,"column":69},"end":{"line":44,"column":90}},"line":44}},"branchMap":{"0":{"loc":{"start":{"line":43,"column":7},"end":{"line":45,"column":19}},"type":"cond-expr","locations":[{"start":{"line":43,"column":21},"end":{"line":45,"column":12}},{"start":{"line":45,"column":15},"end":{"line":45,"column":19}}],"line":43},"1":{"loc":{"start":{"line":48,"column":18},"end":{"line":48,"column":122}},"type":"cond-expr","locations":[{"start":{"line":48,"column":60},"end":{"line":48,"column":93}},{"start":{"line":48,"column":96},"end":{"line":48,"column":122}}],"line":48},"2":{"loc":{"start":{"line":50,"column":9},"end":{"line":50,"column":102}},"type":"cond-expr","locations":[{"start":{"line":50,"column":20},"end":{"line":50,"column":39}},{"start":{"line":50,"column":42},"end":{"line":50,"column":102}}],"line":50}},"s":{"0":1,"1":0,"2":0,"3":0,"4":0,"5":0,"6":0,"7":0,"8":0,"9":0,"10":0,"11":0,"12":0,"13":0,"14":0,"15":0,"16":0,"17":0,"18":0,"19":0,"20":0,"21":0,"22":0,"23":0,"24":0,"25":0},"f":{"0":0,"1":0,"2":0,"3":0,"4":0,"5":0,"6":0,"7":0,"8":0,"9":0,"10":0,"11":0},"b":{"0":[0,0],"1":[0,0],"2":[0,0]},"_coverageSchema":"1a1c01bbd47fc00a2c39e90264f33305004495a9","hash":"5507b730416849e44347598fb47fafb048a30188"}
,"/Users/ruojialiu/Desktop/HRProject/Atelier/client/src/components/qs-and-as/AddAnswer.jsx": {"path":"/Users/ruojialiu/Desktop/HRProject/Atelier/client/src/components/qs-and-as/AddAnswer.jsx","statementMap":{"0":{"start":{"line":6,"column":30},"end":{"line":6,"column":42}},"1":{"start":{"line":7,"column":26},"end":{"line":7,"column":38}},"2":{"start":{"line":8,"column":28},"end":{"line":8,"column":40}},"3":{"start":{"line":9,"column":30},"end":{"line":9,"column":42}},"4":{"start":{"line":11,"column":23},"end":{"line":24,"column":3}},"5":{"start":{"line":12,"column":4},"end":{"line":12,"column":23}},"6":{"start":{"line":13,"column":17},"end":{"line":18,"column":5}},"7":{"start":{"line":20,"column":20},"end":{"line":20,"column":56}},"8":{"start":{"line":21,"column":4},"end":{"line":23,"column":29}},"9":{"start":{"line":26,"column":2},"end":{"line":58,"column":4}},"10":{"start":{"line":36,"column":79},"end":{"line":36,"column":104}},"11":{"start":{"line":43,"column":57},"end":{"line":43,"column":80}},"12":{"start":{"line":47,"column":59},"end":{"line":47,"column":83}},"13":{"start":{"line":54,"column":48},"end":{"line":54,"column":59}}},"fnMap":{"0":{"name":"AddAnswer","decl":{"start":{"line":5,"column":9},"end":{"line":5,"column":18}},"loc":{"start":{"line":5,"column":32},"end":{"line":59,"column":1}},"line":5},"1":{"name":"(anonymous_1)","decl":{"start":{"line":11,"column":23},"end":{"line":11,"column":24}},"loc":{"start":{"line":11,"column":30},"end":{"line":24,"column":3}},"line":11},"2":{"name":"(anonymous_2)","decl":{"start":{"line":36,"column":72},"end":{"line":36,"column":73}},"loc":{"start":{"line":36,"column":79},"end":{"line":36,"column":104}},"line":36},"3":{"name":"(anonymous_3)","decl":{"start":{"line":43,"column":50},"end":{"line":43,"column":51}},"loc":{"start":{"line":43,"column":57},"end":{"line":43,"column":80}},"line":43},"4":{"name":"(anonymous_4)","decl":{"start":{"line":47,"column":52},"end":{"line":47,"column":53}},"loc":{"start":{"line":47,"column":59},"end":{"line":47,"column":83}},"line":47},"5":{"name":"(anonymous_5)","decl":{"start":{"line":54,"column":42},"end":{"line":54,"column":43}},"loc":{"start":{"line":54,"column":48},"end":{"line":54,"column":59}},"line":54}},"branchMap":{},"s":{"0":0,"1":0,"2":0,"3":0,"4":0,"5":0,"6":0,"7":0,"8":0,"9":0,"10":0,"11":0,"12":0,"13":0},"f":{"0":0,"1":0,"2":0,"3":0,"4":0,"5":0},"b":{},"_coverageSchema":"1a1c01bbd47fc00a2c39e90264f33305004495a9","hash":"16675d0e48c444f95e837ab46aff8778345c579c"}
,"/Users/ruojialiu/Desktop/HRProject/Atelier/client/src/components/qs-and-as/AddQuestion.jsx": {"path":"/Users/ruojialiu/Desktop/HRProject/Atelier/client/src/components/qs-and-as/AddQuestion.jsx","statementMap":{"0":{"start":{"line":5,"column":34},"end":{"line":5,"column":46}},"1":{"start":{"line":6,"column":26},"end":{"line":6,"column":38}},"2":{"start":{"line":7,"column":28},"end":{"line":7,"column":40}},"3":{"start":{"line":10,"column":4},"end":{"line":10,"column":23}},"4":{"start":{"line":11,"column":18},"end":{"line":16,"column":5}},"5":{"start":{"line":18,"column":4},"end":{"line":20,"column":40}},"6":{"start":{"line":20,"column":22},"end":{"line":20,"column":38}},"7":{"start":{"line":23,"column":2},"end":{"line":47,"column":4}},"8":{"start":{"line":29,"column":81},"end":{"line":29,"column":108}},"9":{"start":{"line":36,"column":57},"end":{"line":36,"column":80}},"10":{"start":{"line":40,"column":58},"end":{"line":40,"column":82}},"11":{"start":{"line":44,"column":28},"end":{"line":44,"column":39}}},"fnMap":{"0":{"name":"AddQuestion","decl":{"start":{"line":4,"column":9},"end":{"line":4,"column":20}},"loc":{"start":{"line":4,"column":42},"end":{"line":48,"column":1}},"line":4},"1":{"name":"handleSubmit","decl":{"start":{"line":9,"column":11},"end":{"line":9,"column":23}},"loc":{"start":{"line":9,"column":27},"end":{"line":21,"column":3}},"line":9},"2":{"name":"(anonymous_2)","decl":{"start":{"line":20,"column":13},"end":{"line":20,"column":14}},"loc":{"start":{"line":20,"column":22},"end":{"line":20,"column":38}},"line":20},"3":{"name":"(anonymous_3)","decl":{"start":{"line":29,"column":74},"end":{"line":29,"column":75}},"loc":{"start":{"line":29,"column":81},"end":{"line":29,"column":108}},"line":29},"4":{"name":"(anonymous_4)","decl":{"start":{"line":36,"column":50},"end":{"line":36,"column":51}},"loc":{"start":{"line":36,"column":57},"end":{"line":36,"column":80}},"line":36},"5":{"name":"(anonymous_5)","decl":{"start":{"line":40,"column":51},"end":{"line":40,"column":52}},"loc":{"start":{"line":40,"column":58},"end":{"line":40,"column":82}},"line":40},"6":{"name":"(anonymous_6)","decl":{"start":{"line":44,"column":22},"end":{"line":44,"column":23}},"loc":{"start":{"line":44,"column":28},"end":{"line":44,"column":39}},"line":44}},"branchMap":{},"s":{"0":0,"1":0,"2":0,"3":0,"4":0,"5":0,"6":0,"7":0,"8":0,"9":0,"10":0,"11":0},"f":{"0":0,"1":0,"2":0,"3":0,"4":0,"5":0,"6":0},"b":{},"_coverageSchema":"1a1c01bbd47fc00a2c39e90264f33305004495a9","hash":"62f8c3a6fa19441c8f8d37e22c9d8ad17623a28f"}
,"/Users/ruojialiu/Desktop/HRProject/Atelier/client/src/components/qs-and-as/Jay-PhotoUpload-URL.jsx": {"path":"/Users/ruojialiu/Desktop/HRProject/Atelier/client/src/components/qs-and-as/Jay-PhotoUpload-URL.jsx","statementMap":{"0":{"start":{"line":6,"column":21},"end":{"line":6,"column":36}},"1":{"start":{"line":7,"column":19},"end":{"line":7,"column":54}},"2":{"start":{"line":10,"column":21},"end":{"line":10,"column":37}},"3":{"start":{"line":11,"column":6},"end":{"line":26,"column":16}},"4":{"start":{"line":12,"column":22},"end":{"line":12,"column":41}},"5":{"start":{"line":13,"column":8},"end":{"line":13,"column":34}},"6":{"start":{"line":14,"column":22},"end":{"line":14,"column":36}},"7":{"start":{"line":15,"column":8},"end":{"line":15,"column":57}},"8":{"start":{"line":16,"column":8},"end":{"line":16,"column":31}},"9":{"start":{"line":17,"column":23},"end":{"line":17,"column":48}},"10":{"start":{"line":18,"column":8},"end":{"line":18,"column":48}},"11":{"start":{"line":20,"column":8},"end":{"line":20,"column":42}},"12":{"start":{"line":23,"column":8},"end":{"line":25,"column":9}},"13":{"start":{"line":24,"column":10},"end":{"line":24,"column":41}},"14":{"start":{"line":28,"column":6},"end":{"line":28,"column":33}},"15":{"start":{"line":30,"column":4},"end":{"line":32,"column":5}},"16":{"start":{"line":31,"column":6},"end":{"line":31,"column":59}},"17":{"start":{"line":35,"column":2},"end":{"line":44,"column":4}}},"fnMap":{"0":{"name":"PhotoUpload","decl":{"start":{"line":4,"column":9},"end":{"line":4,"column":20}},"loc":{"start":{"line":4,"column":44},"end":{"line":45,"column":1}},"line":4},"1":{"name":"previewFiles","decl":{"start":{"line":5,"column":11},"end":{"line":5,"column":23}},"loc":{"start":{"line":5,"column":27},"end":{"line":33,"column":3}},"line":5},"2":{"name":"readAndPreview","decl":{"start":{"line":9,"column":13},"end":{"line":9,"column":27}},"loc":{"start":{"line":9,"column":34},"end":{"line":29,"column":5}},"line":9},"3":{"name":"(anonymous_3)","decl":{"start":{"line":11,"column":38},"end":{"line":11,"column":39}},"loc":{"start":{"line":11,"column":44},"end":{"line":26,"column":7}},"line":11}},"branchMap":{"0":{"loc":{"start":{"line":23,"column":8},"end":{"line":25,"column":9}},"type":"if","locations":[{"start":{"line":23,"column":8},"end":{"line":25,"column":9}},{"start":{},"end":{}}],"line":23},"1":{"loc":{"start":{"line":30,"column":4},"end":{"line":32,"column":5}},"type":"if","locations":[{"start":{"line":30,"column":4},"end":{"line":32,"column":5}},{"start":{},"end":{}}],"line":30}},"s":{"0":0,"1":0,"2":0,"3":0,"4":0,"5":0,"6":0,"7":0,"8":0,"9":0,"10":0,"11":0,"12":0,"13":0,"14":0,"15":0,"16":0,"17":0},"f":{"0":0,"1":0,"2":0,"3":0},"b":{"0":[0,0],"1":[0,0]},"_coverageSchema":"1a1c01bbd47fc00a2c39e90264f33305004495a9","hash":"f5bc67d1fe3bf4a65e6700b3dc1b867db0a877f5"}
,"/Users/ruojialiu/Desktop/HRProject/Atelier/client/src/components/qs-and-as/QAListView.jsx": {"path":"/Users/ruojialiu/Desktop/HRProject/Atelier/client/src/components/qs-and-as/QAListView.jsx","statementMap":{"0":{"start":{"line":7,"column":19},"end":{"line":38,"column":1}},"1":{"start":{"line":8,"column":38},"end":{"line":8,"column":50}},"2":{"start":{"line":9,"column":32},"end":{"line":9,"column":43}},"3":{"start":{"line":10,"column":45},"end":{"line":10,"column":60}},"4":{"start":{"line":11,"column":44},"end":{"line":11,"column":56}},"5":{"start":{"line":13,"column":26},"end":{"line":20,"column":3}},"6":{"start":{"line":14,"column":19},"end":{"line":17,"column":5}},"7":{"start":{"line":18,"column":4},"end":{"line":19,"column":97}},"8":{"start":{"line":19,"column":23},"end":{"line":19,"column":57}},"9":{"start":{"line":19,"column":58},"end":{"line":19,"column":94}},"10":{"start":{"line":22,"column":2},"end":{"line":24,"column":8}},"11":{"start":{"line":23,"column":4},"end":{"line":23,"column":21}},"12":{"start":{"line":26,"column":0},"end":{"line":36,"column":1}},"13":{"start":{"line":29,"column":70},"end":{"line":29,"column":107}},"14":{"start":{"line":30,"column":73},"end":{"line":30,"column":92}},"15":{"start":{"line":31,"column":42},"end":{"line":31,"column":62}}},"fnMap":{"0":{"name":"(anonymous_0)","decl":{"start":{"line":7,"column":19},"end":{"line":7,"column":20}},"loc":{"start":{"line":7,"column":38},"end":{"line":38,"column":1}},"line":7},"1":{"name":"(anonymous_1)","decl":{"start":{"line":13,"column":26},"end":{"line":13,"column":27}},"loc":{"start":{"line":13,"column":32},"end":{"line":20,"column":3}},"line":13},"2":{"name":"(anonymous_2)","decl":{"start":{"line":19,"column":10},"end":{"line":19,"column":11}},"loc":{"start":{"line":19,"column":22},"end":{"line":19,"column":95}},"line":19},"3":{"name":"(anonymous_3)","decl":{"start":{"line":22,"column":12},"end":{"line":22,"column":13}},"loc":{"start":{"line":22,"column":18},"end":{"line":24,"column":3}},"line":22},"4":{"name":"(anonymous_4)","decl":{"start":{"line":29,"column":59},"end":{"line":29,"column":60}},"loc":{"start":{"line":29,"column":69},"end":{"line":29,"column":108}},"line":29},"5":{"name":"(anonymous_5)","decl":{"start":{"line":30,"column":66},"end":{"line":30,"column":67}},"loc":{"start":{"line":30,"column":72},"end":{"line":30,"column":93}},"line":30},"6":{"name":"(anonymous_6)","decl":{"start":{"line":31,"column":37},"end":{"line":31,"column":38}},"loc":{"start":{"line":31,"column":41},"end":{"line":31,"column":63}},"line":31}},"branchMap":{"0":{"loc":{"start":{"line":30,"column":1},"end":{"line":30,"column":134}},"type":"cond-expr","locations":[{"start":{"line":30,"column":29},"end":{"line":30,"column":127}},{"start":{"line":30,"column":130},"end":{"line":30,"column":134}}],"line":30},"1":{"loc":{"start":{"line":32,"column":6},"end":{"line":32,"column":85}},"type":"cond-expr","locations":[{"start":{"line":32,"column":24},"end":{"line":32,"column":78}},{"start":{"line":32,"column":81},"end":{"line":32,"column":85}}],"line":32}},"s":{"0":1,"1":1,"2":1,"3":1,"4":1,"5":1,"6":1,"7":1,"8":1,"9":1,"10":1,"11":1,"12":1,"13":0,"14":0,"15":0},"f":{"0":1,"1":1,"2":1,"3":1,"4":0,"5":0,"6":0},"b":{"0":[0,1],"1":[0,1]},"_coverageSchema":"1a1c01bbd47fc00a2c39e90264f33305004495a9","hash":"8c63ca018a27a966ecc439ce5bd4be01036de9f2"}
,"/Users/ruojialiu/Desktop/HRProject/Atelier/client/src/components/qs-and-as/QASearch.jsx": {"path":"/Users/ruojialiu/Desktop/HRProject/Atelier/client/src/components/qs-and-as/QASearch.jsx","statementMap":{"0":{"start":{"line":3,"column":17},"end":{"line":27,"column":1}},"1":{"start":{"line":4,"column":32},"end":{"line":4,"column":44}},"2":{"start":{"line":6,"column":19},"end":{"line":6,"column":32}},"3":{"start":{"line":8,"column":2},"end":{"line":19,"column":14}},"4":{"start":{"line":9,"column":4},"end":{"line":14,"column":5}},"5":{"start":{"line":10,"column":20},"end":{"line":12,"column":45}},"6":{"start":{"line":11,"column":24},"end":{"line":11,"column":133}},"7":{"start":{"line":11,"column":59},"end":{"line":11,"column":132}},"8":{"start":{"line":12,"column":8},"end":{"line":12,"column":37}},"9":{"start":{"line":13,"column":6},"end":{"line":13,"column":40}},"10":{"start":{"line":13,"column":20},"end":{"line":13,"column":39}},"11":{"start":{"line":15,"column":4},"end":{"line":17,"column":37}},"12":{"start":{"line":16,"column":6},"end":{"line":16,"column":20}},"13":{"start":{"line":17,"column":13},"end":{"line":17,"column":36}},"14":{"start":{"line":21,"column":2},"end":{"line":25,"column":3}},"15":{"start":{"line":23,"column":67},"end":{"line":23,"column":92}}},"fnMap":{"0":{"name":"(anonymous_0)","decl":{"start":{"line":3,"column":17},"end":{"line":3,"column":18}},"loc":{"start":{"line":3,"column":28},"end":{"line":27,"column":1}},"line":3},"1":{"name":"(anonymous_1)","decl":{"start":{"line":8,"column":12},"end":{"line":8,"column":13}},"loc":{"start":{"line":8,"column":18},"end":{"line":19,"column":3}},"line":8},"2":{"name":"(anonymous_2)","decl":{"start":{"line":10,"column":31},"end":{"line":10,"column":32}},"loc":{"start":{"line":10,"column":37},"end":{"line":12,"column":38}},"line":10},"3":{"name":"(anonymous_3)","decl":{"start":{"line":11,"column":47},"end":{"line":11,"column":48}},"loc":{"start":{"line":11,"column":59},"end":{"line":11,"column":132}},"line":11},"4":{"name":"(anonymous_4)","decl":{"start":{"line":13,"column":13},"end":{"line":13,"column":14}},"loc":{"start":{"line":13,"column":19},"end":{"line":13,"column":40}},"line":13},"5":{"name":"(anonymous_5)","decl":{"start":{"line":23,"column":60},"end":{"line":23,"column":61}},"loc":{"start":{"line":23,"column":67},"end":{"line":23,"column":92}},"line":23}},"branchMap":{"0":{"loc":{"start":{"line":9,"column":4},"end":{"line":14,"column":5}},"type":"if","locations":[{"start":{"line":9,"column":4},"end":{"line":14,"column":5}},{"start":{},"end":{}}],"line":9},"1":{"loc":{"start":{"line":15,"column":4},"end":{"line":17,"column":37}},"type":"if","locations":[{"start":{"line":15,"column":4},"end":{"line":17,"column":37}},{"start":{"line":17,"column":11},"end":{"line":17,"column":37}}],"line":15},"2":{"loc":{"start":{"line":15,"column":8},"end":{"line":15,"column":47}},"type":"binary-expr","locations":[{"start":{"line":15,"column":8},"end":{"line":15,"column":27}},{"start":{"line":15,"column":31},"end":{"line":15,"column":47}}],"line":15}},"s":{"0":1,"1":1,"2":1,"3":1,"4":1,"5":0,"6":0,"7":0,"8":0,"9":0,"10":0,"11":1,"12":0,"13":1,"14":1,"15":0},"f":{"0":1,"1":1,"2":0,"3":0,"4":0,"5":0},"b":{"0":[0,1],"1":[0,1],"2":[1,1]},"_coverageSchema":"1a1c01bbd47fc00a2c39e90264f33305004495a9","hash":"d6a8ae12a33ac21cde5cc909bf104d25d1082648"}
,"/Users/ruojialiu/Desktop/HRProject/Atelier/client/src/components/qs-and-as/QEntry.jsx": {"path":"/Users/ruojialiu/Desktop/HRProject/Atelier/client/src/components/qs-and-as/QEntry.jsx","statementMap":{"0":{"start":{"line":6,"column":15},"end":{"line":32,"column":1}},"1":{"start":{"line":7,"column":22},"end":{"line":7,"column":113}},"2":{"start":{"line":7,"column":75},"end":{"line":7,"column":111}},"3":{"start":{"line":9,"column":34},"end":{"line":9,"column":57}},"4":{"start":{"line":10,"column":32},"end":{"line":10,"column":43}},"5":{"start":{"line":11,"column":46},"end":{"line":11,"column":61}},"6":{"start":{"line":13,"column":24},"end":{"line":15,"column":1}},"7":{"start":{"line":14,"column":2},"end":{"line":14,"column":92}},"8":{"start":{"line":17,"column":0},"end":{"line":30,"column":1}},"9":{"start":{"line":22,"column":93},"end":{"line":22,"column":110}},"10":{"start":{"line":23,"column":51},"end":{"line":23,"column":73}},"11":{"start":{"line":26,"column":70},"end":{"line":26,"column":105}},"12":{"start":{"line":27,"column":80},"end":{"line":27,"column":99}},"13":{"start":{"line":28,"column":67},"end":{"line":28,"column":79}}},"fnMap":{"0":{"name":"(anonymous_0)","decl":{"start":{"line":6,"column":15},"end":{"line":6,"column":16}},"loc":{"start":{"line":6,"column":26},"end":{"line":32,"column":1}},"line":6},"1":{"name":"(anonymous_1)","decl":{"start":{"line":7,"column":65},"end":{"line":7,"column":66}},"loc":{"start":{"line":7,"column":74},"end":{"line":7,"column":112}},"line":7},"2":{"name":"(anonymous_2)","decl":{"start":{"line":13,"column":24},"end":{"line":13,"column":25}},"loc":{"start":{"line":13,"column":30},"end":{"line":15,"column":1}},"line":13},"3":{"name":"(anonymous_3)","decl":{"start":{"line":22,"column":88},"end":{"line":22,"column":89}},"loc":{"start":{"line":22,"column":92},"end":{"line":22,"column":111}},"line":22},"4":{"name":"(anonymous_4)","decl":{"start":{"line":23,"column":46},"end":{"line":23,"column":47}},"loc":{"start":{"line":23,"column":51},"end":{"line":23,"column":73}},"line":23},"5":{"name":"(anonymous_5)","decl":{"start":{"line":26,"column":59},"end":{"line":26,"column":60}},"loc":{"start":{"line":26,"column":69},"end":{"line":26,"column":106}},"line":26},"6":{"name":"(anonymous_6)","decl":{"start":{"line":27,"column":74},"end":{"line":27,"column":75}},"loc":{"start":{"line":27,"column":79},"end":{"line":27,"column":100}},"line":27},"7":{"name":"(anonymous_7)","decl":{"start":{"line":28,"column":61},"end":{"line":28,"column":62}},"loc":{"start":{"line":28,"column":66},"end":{"line":28,"column":80}},"line":28}},"branchMap":{"0":{"loc":{"start":{"line":24,"column":3},"end":{"line":24,"column":80}},"type":"cond-expr","locations":[{"start":{"line":24,"column":19},"end":{"line":24,"column":74}},{"start":{"line":24,"column":76},"end":{"line":24,"column":80}}],"line":24},"1":{"loc":{"start":{"line":27,"column":1},"end":{"line":27,"column":176}},"type":"cond-expr","locations":[{"start":{"line":27,"column":27},"end":{"line":27,"column":169}},{"start":{"line":27,"column":172},"end":{"line":27,"column":176}}],"line":27},"2":{"loc":{"start":{"line":28,"column":1},"end":{"line":28,"column":121}},"type":"cond-expr","locations":[{"start":{"line":28,"column":14},"end":{"line":28,"column":114}},{"start":{"line":28,"column":117},"end":{"line":28,"column":121}}],"line":28}},"s":{"0":1,"1":0,"2":0,"3":0,"4":0,"5":0,"6":0,"7":0,"8":0,"9":0,"10":0,"11":0,"12":0,"13":0},"f":{"0":0,"1":0,"2":0,"3":0,"4":0,"5":0,"6":0,"7":0},"b":{"0":[0,0],"1":[0,0],"2":[0,0]},"_coverageSchema":"1a1c01bbd47fc00a2c39e90264f33305004495a9","hash":"f936c726d27bb4bc1cff1452ad8da26e3d76c452"}
,"/Users/ruojialiu/Desktop/HRProject/Atelier/client/src/components/ratings-and-reviews/review-list/Star.jsx": {"path":"/Users/ruojialiu/Desktop/HRProject/Atelier/client/src/components/ratings-and-reviews/review-list/Star.jsx","statementMap":{"0":{"start":{"line":4,"column":2},"end":{"line":15,"column":4}},"1":{"start":{"line":8,"column":10},"end":{"line":8,"column":44}},"2":{"start":{"line":12,"column":10},"end":{"line":12,"column":48}}},"fnMap":{"0":{"name":"Star","decl":{"start":{"line":3,"column":9},"end":{"line":3,"column":13}},"loc":{"start":{"line":3,"column":26},"end":{"line":16,"column":1}},"line":3},"1":{"name":"(anonymous_1)","decl":{"start":{"line":7,"column":29},"end":{"line":7,"column":30}},"loc":{"start":{"line":8,"column":10},"end":{"line":8,"column":44}},"line":8},"2":{"name":"(anonymous_2)","decl":{"start":{"line":11,"column":29},"end":{"line":11,"column":30}},"loc":{"start":{"line":12,"column":10},"end":{"line":12,"column":48}},"line":12}},"branchMap":{},"s":{"0":26,"1":130,"2":130},"f":{"0":26,"1":130,"2":130},"b":{},"_coverageSchema":"1a1c01bbd47fc00a2c39e90264f33305004495a9","hash":"e9f34f82a9a00a345449dde80563bb9511b99152"}
,"/Users/ruojialiu/Desktop/HRProject/Atelier/client/src/components/related-items-and-outfit/components/CardDetail.jsx": {"path":"/Users/ruojialiu/Desktop/HRProject/Atelier/client/src/components/related-items-and-outfit/components/CardDetail.jsx","statementMap":{"0":{"start":{"line":9,"column":2},"end":{"line":31,"column":4}},"1":{"start":{"line":11,"column":6},"end":{"line":13,"column":7}},"2":{"start":{"line":12,"column":8},"end":{"line":12,"column":59}},"3":{"start":{"line":14,"column":6},"end":{"line":29,"column":8}},"4":{"start":{"line":18,"column":30},"end":{"line":18,"column":90}},"5":{"start":{"line":23,"column":14},"end":{"line":23,"column":33}},"6":{"start":{"line":25,"column":34},"end":{"line":25,"column":48}},"7":{"start":{"line":26,"column":32},"end":{"line":26,"column":46}},"8":{"start":{"line":38,"column":26},"end":{"line":38,"column":41}},"9":{"start":{"line":39,"column":34},"end":{"line":39,"column":45}},"10":{"start":{"line":40,"column":14},"end":{"line":40,"column":16}},"11":{"start":{"line":41,"column":2},"end":{"line":41,"column":24}},"12":{"start":{"line":42,"column":2},"end":{"line":42,"column":18}},"13":{"start":{"line":43,"column":2},"end":{"line":43,"column":36}},"14":{"start":{"line":44,"column":2},"end":{"line":44,"column":28}},"15":{"start":{"line":45,"column":2},"end":{"line":45,"column":26}},"16":{"start":{"line":46,"column":2},"end":{"line":46,"column":24}},"17":{"start":{"line":47,"column":2},"end":{"line":51,"column":12}},"18":{"start":{"line":48,"column":18},"end":{"line":48,"column":26}},"19":{"start":{"line":49,"column":4},"end":{"line":49,"column":31}},"20":{"start":{"line":50,"column":4},"end":{"line":50,"column":23}},"21":{"start":{"line":53,"column":22},"end":{"line":55,"column":3}},"22":{"start":{"line":54,"column":4},"end":{"line":54,"column":21}},"23":{"start":{"line":56,"column":2},"end":{"line":58,"column":3}},"24":{"start":{"line":57,"column":4},"end":{"line":57,"column":63}},"25":{"start":{"line":59,"column":17},"end":{"line":59,"column":48}},"26":{"start":{"line":60,"column":17},"end":{"line":60,"column":35}},"27":{"start":{"line":61,"column":2},"end":{"line":145,"column":4}},"28":{"start":{"line":75,"column":28},"end":{"line":75,"column":88}},"29":{"start":{"line":77,"column":30},"end":{"line":77,"column":43}},"30":{"start":{"line":78,"column":30},"end":{"line":78,"column":44}},"31":{"start":{"line":104,"column":26},"end":{"line":104,"column":40}}},"fnMap":{"0":{"name":"PhotoGallery","decl":{"start":{"line":6,"column":9},"end":{"line":6,"column":21}},"loc":{"start":{"line":8,"column":3},"end":{"line":32,"column":1}},"line":8},"1":{"name":"(anonymous_1)","decl":{"start":{"line":10,"column":17},"end":{"line":10,"column":18}},"loc":{"start":{"line":10,"column":33},"end":{"line":30,"column":5}},"line":10},"2":{"name":"(anonymous_2)","decl":{"start":{"line":18,"column":21},"end":{"line":18,"column":22}},"loc":{"start":{"line":18,"column":28},"end":{"line":18,"column":92}},"line":18},"3":{"name":"(anonymous_3)","decl":{"start":{"line":22,"column":21},"end":{"line":22,"column":22}},"loc":{"start":{"line":22,"column":27},"end":{"line":24,"column":13}},"line":22},"4":{"name":"(anonymous_4)","decl":{"start":{"line":25,"column":26},"end":{"line":25,"column":27}},"loc":{"start":{"line":25,"column":32},"end":{"line":25,"column":50}},"line":25},"5":{"name":"(anonymous_5)","decl":{"start":{"line":26,"column":26},"end":{"line":26,"column":27}},"loc":{"start":{"line":26,"column":32},"end":{"line":26,"column":46}},"line":26},"6":{"name":"CardDetail","decl":{"start":{"line":34,"column":9},"end":{"line":34,"column":19}},"loc":{"start":{"line":37,"column":3},"end":{"line":146,"column":1}},"line":37},"7":{"name":"(anonymous_7)","decl":{"start":{"line":47,"column":12},"end":{"line":47,"column":13}},"loc":{"start":{"line":47,"column":18},"end":{"line":51,"column":3}},"line":47},"8":{"name":"(anonymous_8)","decl":{"start":{"line":53,"column":22},"end":{"line":53,"column":23}},"loc":{"start":{"line":53,"column":28},"end":{"line":55,"column":3}},"line":53},"9":{"name":"(anonymous_9)","decl":{"start":{"line":75,"column":19},"end":{"line":75,"column":20}},"loc":{"start":{"line":75,"column":26},"end":{"line":75,"column":90}},"line":75},"10":{"name":"(anonymous_10)","decl":{"start":{"line":77,"column":24},"end":{"line":77,"column":25}},"loc":{"start":{"line":77,"column":30},"end":{"line":77,"column":43}},"line":77},"11":{"name":"(anonymous_11)","decl":{"start":{"line":78,"column":24},"end":{"line":78,"column":25}},"loc":{"start":{"line":78,"column":30},"end":{"line":78,"column":44}},"line":78},"12":{"name":"(anonymous_12)","decl":{"start":{"line":104,"column":18},"end":{"line":104,"column":19}},"loc":{"start":{"line":104,"column":24},"end":{"line":104,"column":42}},"line":104}},"branchMap":{"0":{"loc":{"start":{"line":11,"column":6},"end":{"line":13,"column":7}},"type":"if","locations":[{"start":{"line":11,"column":6},"end":{"line":13,"column":7}},{"start":{},"end":{}}],"line":11},"1":{"loc":{"start":{"line":15,"column":41},"end":{"line":15,"column":89}},"type":"cond-expr","locations":[{"start":{"line":15,"column":62},"end":{"line":15,"column":75}},{"start":{"line":15,"column":78},"end":{"line":15,"column":89}}],"line":15},"2":{"loc":{"start":{"line":56,"column":2},"end":{"line":58,"column":3}},"type":"if","locations":[{"start":{"line":56,"column":2},"end":{"line":58,"column":3}},{"start":{},"end":{}}],"line":56},"3":{"loc":{"start":{"line":65,"column":11},"end":{"line":70,"column":11}},"type":"binary-expr","locations":[{"start":{"line":65,"column":11},"end":{"line":65,"column":25}},{"start":{"line":66,"column":10},"end":{"line":69,"column":12}}],"line":65},"4":{"loc":{"start":{"line":81,"column":11},"end":{"line":86,"column":11}},"type":"binary-expr","locations":[{"start":{"line":81,"column":11},"end":{"line":81,"column":41}},{"start":{"line":82,"column":10},"end":{"line":85,"column":12}}],"line":81},"5":{"loc":{"start":{"line":90,"column":7},"end":{"line":100,"column":7}},"type":"binary-expr","locations":[{"start":{"line":90,"column":7},"end":{"line":90,"column":11}},{"start":{"line":92,"column":6},"end":{"line":99,"column":11}}],"line":90},"6":{"loc":{"start":{"line":108,"column":7},"end":{"line":123,"column":7}},"type":"binary-expr","locations":[{"start":{"line":108,"column":7},"end":{"line":108,"column":13}},{"start":{"line":109,"column":6},"end":{"line":122,"column":13}}],"line":108},"7":{"loc":{"start":{"line":124,"column":7},"end":{"line":130,"column":7}},"type":"binary-expr","locations":[{"start":{"line":124,"column":7},"end":{"line":124,"column":14}},{"start":{"line":125,"column":6},"end":{"line":129,"column":10}}],"line":124},"8":{"loc":{"start":{"line":132,"column":7},"end":{"line":141,"column":7}},"type":"binary-expr","locations":[{"start":{"line":132,"column":7},"end":{"line":132,"column":21}},{"start":{"line":133,"column":6},"end":{"line":140,"column":13}}],"line":132}},"s":{"0":1,"1":2,"2":1,"3":2,"4":0,"5":0,"6":0,"7":0,"8":25,"9":25,"10":25,"11":25,"12":25,"13":25,"14":25,"15":25,"16":25,"17":25,"18":25,"19":25,"20":25,"21":25,"22":0,"23":25,"24":2,"25":25,"26":25,"27":25,"28":0,"29":1,"30":1,"31":0},"f":{"0":1,"1":2,"2":0,"3":0,"4":0,"5":0,"6":25,"7":25,"8":0,"9":0,"10":1,"11":1,"12":0},"b":{"0":[1,1],"1":[1,1],"2":[2,23],"3":[25,0],"4":[25,5],"5":[25,1],"6":[25,3],"7":[25,22],"8":[25,25]},"_coverageSchema":"1a1c01bbd47fc00a2c39e90264f33305004495a9","hash":"b986a90eed6f9ea5e9c852769856d3eb71d7e446"}
,"/Users/ruojialiu/Desktop/HRProject/Atelier/client/src/components/related-items-and-outfit/components/ComparisonView.jsx": {"path":"/Users/ruojialiu/Desktop/HRProject/Atelier/client/src/components/related-items-and-outfit/components/ComparisonView.jsx","statementMap":{"0":{"start":{"line":6,"column":21},"end":{"line":6,"column":23}},"1":{"start":{"line":7,"column":21},"end":{"line":7,"column":37}},"2":{"start":{"line":8,"column":2},"end":{"line":35,"column":3}},"3":{"start":{"line":8,"column":15},"end":{"line":8,"column":16}},"4":{"start":{"line":9,"column":20},"end":{"line":9,"column":39}},"5":{"start":{"line":10,"column":4},"end":{"line":10,"column":31}},"6":{"start":{"line":11,"column":4},"end":{"line":22,"column":5}},"7":{"start":{"line":12,"column":19},"end":{"line":12,"column":46}},"8":{"start":{"line":13,"column":6},"end":{"line":18,"column":7}},"9":{"start":{"line":14,"column":8},"end":{"line":14,"column":21}},"10":{"start":{"line":16,"column":6},"end":{"line":18,"column":7}},"11":{"start":{"line":17,"column":8},"end":{"line":17,"column":21}},"12":{"start":{"line":19,"column":6},"end":{"line":19,"column":33}},"13":{"start":{"line":21,"column":6},"end":{"line":21,"column":42}},"14":{"start":{"line":23,"column":4},"end":{"line":34,"column":5}},"15":{"start":{"line":24,"column":19},"end":{"line":24,"column":42}},"16":{"start":{"line":25,"column":6},"end":{"line":30,"column":7}},"17":{"start":{"line":26,"column":8},"end":{"line":26,"column":21}},"18":{"start":{"line":28,"column":6},"end":{"line":30,"column":7}},"19":{"start":{"line":29,"column":8},"end":{"line":29,"column":21}},"20":{"start":{"line":31,"column":6},"end":{"line":31,"column":33}},"21":{"start":{"line":33,"column":6},"end":{"line":33,"column":42}},"22":{"start":{"line":37,"column":2},"end":{"line":47,"column":4}},"23":{"start":{"line":39,"column":6},"end":{"line":45,"column":14}},"24":{"start":{"line":50,"column":2},"end":{"line":50,"column":33}},"25":{"start":{"line":51,"column":14},"end":{"line":51,"column":16}},"26":{"start":{"line":52,"column":38},"end":{"line":52,"column":50}},"27":{"start":{"line":53,"column":32},"end":{"line":53,"column":44}},"28":{"start":{"line":54,"column":2},"end":{"line":86,"column":9}},"29":{"start":{"line":55,"column":17},"end":{"line":55,"column":19}},"30":{"start":{"line":56,"column":4},"end":{"line":85,"column":9}},"31":{"start":{"line":58,"column":23},"end":{"line":58,"column":31}},"32":{"start":{"line":59,"column":8},"end":{"line":59,"column":46}},"33":{"start":{"line":60,"column":8},"end":{"line":60,"column":31}},"34":{"start":{"line":61,"column":8},"end":{"line":64,"column":11}},"35":{"start":{"line":62,"column":30},"end":{"line":62,"column":48}},"36":{"start":{"line":63,"column":10},"end":{"line":63,"column":66}},"37":{"start":{"line":66,"column":22},"end":{"line":66,"column":69}},"38":{"start":{"line":68,"column":8},"end":{"line":84,"column":75}},"39":{"start":{"line":70,"column":27},"end":{"line":70,"column":35}},"40":{"start":{"line":71,"column":12},"end":{"line":71,"column":35}},"41":{"start":{"line":72,"column":12},"end":{"line":72,"column":29}},"42":{"start":{"line":73,"column":12},"end":{"line":73,"column":30}},"43":{"start":{"line":74,"column":12},"end":{"line":81,"column":15}},"44":{"start":{"line":75,"column":34},"end":{"line":75,"column":52}},"45":{"start":{"line":76,"column":14},"end":{"line":80,"column":15}},"46":{"start":{"line":77,"column":16},"end":{"line":77,"column":68}},"47":{"start":{"line":79,"column":16},"end":{"line":79,"column":63}},"48":{"start":{"line":82,"column":12},"end":{"line":82,"column":31}},"49":{"start":{"line":84,"column":26},"end":{"line":84,"column":73}},"50":{"start":{"line":87,"column":19},"end":{"line":87,"column":53}},"51":{"start":{"line":88,"column":2},"end":{"line":107,"column":4}}},"fnMap":{"0":{"name":"CompareHelper","decl":{"start":{"line":4,"column":9},"end":{"line":4,"column":22}},"loc":{"start":{"line":4,"column":32},"end":{"line":48,"column":1}},"line":4},"1":{"name":"(anonymous_1)","decl":{"start":{"line":38,"column":19},"end":{"line":38,"column":20}},"loc":{"start":{"line":39,"column":6},"end":{"line":45,"column":14}},"line":39},"2":{"name":"ComparisonView","decl":{"start":{"line":49,"column":9},"end":{"line":49,"column":23}},"loc":{"start":{"line":49,"column":47},"end":{"line":108,"column":1}},"line":49},"3":{"name":"(anonymous_3)","decl":{"start":{"line":54,"column":12},"end":{"line":54,"column":13}},"loc":{"start":{"line":54,"column":18},"end":{"line":86,"column":3}},"line":54},"4":{"name":"(anonymous_4)","decl":{"start":{"line":57,"column":12},"end":{"line":57,"column":13}},"loc":{"start":{"line":57,"column":21},"end":{"line":65,"column":7}},"line":57},"5":{"name":"(anonymous_5)","decl":{"start":{"line":61,"column":32},"end":{"line":61,"column":33}},"loc":{"start":{"line":61,"column":48},"end":{"line":64,"column":9}},"line":61},"6":{"name":"(anonymous_6)","decl":{"start":{"line":66,"column":13},"end":{"line":66,"column":14}},"loc":{"start":{"line":66,"column":22},"end":{"line":66,"column":69}},"line":66},"7":{"name":"(anonymous_7)","decl":{"start":{"line":67,"column":12},"end":{"line":67,"column":13}},"loc":{"start":{"line":67,"column":18},"end":{"line":85,"column":7}},"line":67},"8":{"name":"(anonymous_8)","decl":{"start":{"line":69,"column":16},"end":{"line":69,"column":17}},"loc":{"start":{"line":69,"column":25},"end":{"line":83,"column":11}},"line":69},"9":{"name":"(anonymous_9)","decl":{"start":{"line":74,"column":36},"end":{"line":74,"column":37}},"loc":{"start":{"line":74,"column":52},"end":{"line":81,"column":13}},"line":74},"10":{"name":"(anonymous_10)","decl":{"start":{"line":84,"column":17},"end":{"line":84,"column":18}},"loc":{"start":{"line":84,"column":26},"end":{"line":84,"column":73}},"line":84}},"branchMap":{"0":{"loc":{"start":{"line":11,"column":4},"end":{"line":22,"column":5}},"type":"if","locations":[{"start":{"line":11,"column":4},"end":{"line":22,"column":5}},{"start":{"line":20,"column":11},"end":{"line":22,"column":5}}],"line":11},"1":{"loc":{"start":{"line":13,"column":6},"end":{"line":18,"column":7}},"type":"if","locations":[{"start":{"line":13,"column":6},"end":{"line":18,"column":7}},{"start":{"line":16,"column":6},"end":{"line":18,"column":7}}],"line":13},"2":{"loc":{"start":{"line":16,"column":6},"end":{"line":18,"column":7}},"type":"if","locations":[{"start":{"line":16,"column":6},"end":{"line":18,"column":7}},{"start":{},"end":{}}],"line":16},"3":{"loc":{"start":{"line":23,"column":4},"end":{"line":34,"column":5}},"type":"if","locations":[{"start":{"line":23,"column":4},"end":{"line":34,"column":5}},{"start":{"line":32,"column":11},"end":{"line":34,"column":5}}],"line":23},"4":{"loc":{"start":{"line":25,"column":6},"end":{"line":30,"column":7}},"type":"if","locations":[{"start":{"line":25,"column":6},"end":{"line":30,"column":7}},{"start":{"line":28,"column":6},"end":{"line":30,"column":7}}],"line":25},"5":{"loc":{"start":{"line":28,"column":6},"end":{"line":30,"column":7}},"type":"if","locations":[{"start":{"line":28,"column":6},"end":{"line":30,"column":7}},{"start":{},"end":{}}],"line":28},"6":{"loc":{"start":{"line":76,"column":14},"end":{"line":80,"column":15}},"type":"if","locations":[{"start":{"line":76,"column":14},"end":{"line":80,"column":15}},{"start":{"line":78,"column":21},"end":{"line":80,"column":15}}],"line":76},"7":{"loc":{"start":{"line":91,"column":7},"end":{"line":104,"column":7}},"type":"binary-expr","locations":[{"start":{"line":91,"column":7},"end":{"line":91,"column":15}},{"start":{"line":92,"column":8},"end":{"line":103,"column":14}}],"line":91}},"s":{"0":1,"1":1,"2":1,"3":1,"4":5,"5":5,"6":5,"7":3,"8":3,"9":0,"10":3,"11":1,"12":3,"13":2,"14":5,"15":3,"16":3,"17":0,"18":3,"19":2,"20":3,"21":2,"22":1,"23":5,"24":3,"25":3,"26":3,"27":3,"28":3,"29":2,"30":2,"31":2,"32":2,"33":2,"34":2,"35":3,"36":3,"37":1,"38":2,"39":2,"40":2,"41":2,"42":2,"43":2,"44":3,"45":3,"46":2,"47":1,"48":1,"49":1,"50":3,"51":3},"f":{"0":1,"1":5,"2":3,"3":2,"4":2,"5":3,"6":1,"7":2,"8":2,"9":3,"10":1},"b":{"0":[3,2],"1":[0,3],"2":[1,2],"3":[3,2],"4":[0,3],"5":[2,1],"6":[2,1],"7":[3,1]},"_coverageSchema":"1a1c01bbd47fc00a2c39e90264f33305004495a9","hash":"9a8080a3bfa426847be994f11011943443a78e1e"}
,"/Users/ruojialiu/Desktop/HRProject/Atelier/client/src/components/related-items-and-outfit/components/DeleteButton.jsx": {"path":"/Users/ruojialiu/Desktop/HRProject/Atelier/client/src/components/related-items-and-outfit/components/DeleteButton.jsx","statementMap":{"0":{"start":{"line":4,"column":22},"end":{"line":10,"column":3}},"1":{"start":{"line":5,"column":19},"end":{"line":5,"column":71}},"2":{"start":{"line":6,"column":18},"end":{"line":6,"column":42}},"3":{"start":{"line":7,"column":4},"end":{"line":7,"column":28}},"4":{"start":{"line":8,"column":4},"end":{"line":8,"column":25}},"5":{"start":{"line":9,"column":4},"end":{"line":9,"column":69}},"6":{"start":{"line":11,"column":2},"end":{"line":15,"column":4}}},"fnMap":{"0":{"name":"DeleteButton","decl":{"start":{"line":3,"column":9},"end":{"line":3,"column":21}},"loc":{"start":{"line":3,"column":50},"end":{"line":16,"column":1}},"line":3},"1":{"name":"(anonymous_1)","decl":{"start":{"line":4,"column":22},"end":{"line":4,"column":23}},"loc":{"start":{"line":4,"column":28},"end":{"line":10,"column":3}},"line":4}},"branchMap":{},"s":{"0":7,"1":1,"2":1,"3":1,"4":1,"5":1,"6":7},"f":{"0":7,"1":1},"b":{},"_coverageSchema":"1a1c01bbd47fc00a2c39e90264f33305004495a9","hash":"4d65e2b2ac9b530ffaf5e57b47f67539b2457865"}
,"/Users/ruojialiu/Desktop/HRProject/Atelier/client/src/components/related-items-and-outfit/components/LeftArrow.jsx": {"path":"/Users/ruojialiu/Desktop/HRProject/Atelier/client/src/components/related-items-and-outfit/components/LeftArrow.jsx","statementMap":{"0":{"start":{"line":4,"column":15},"end":{"line":4,"column":18}},"1":{"start":{"line":5,"column":2},"end":{"line":17,"column":4}},"2":{"start":{"line":10,"column":8},"end":{"line":10,"column":28}}},"fnMap":{"0":{"name":"LeftArrow","decl":{"start":{"line":3,"column":9},"end":{"line":3,"column":18}},"loc":{"start":{"line":3,"column":40},"end":{"line":18,"column":1}},"line":3},"1":{"name":"(anonymous_1)","decl":{"start":{"line":9,"column":15},"end":{"line":9,"column":16}},"loc":{"start":{"line":9,"column":21},"end":{"line":11,"column":7}},"line":9}},"branchMap":{},"s":{"0":1,"1":1,"2":1},"f":{"0":1,"1":1},"b":{},"_coverageSchema":"1a1c01bbd47fc00a2c39e90264f33305004495a9","hash":"8153b59cee2fcb02bbb5e395618b5ba4f4a53048"}
,"/Users/ruojialiu/Desktop/HRProject/Atelier/client/src/components/related-items-and-outfit/components/OutfitList.jsx": {"path":"/Users/ruojialiu/Desktop/HRProject/Atelier/client/src/components/related-items-and-outfit/components/OutfitList.jsx","statementMap":{"0":{"start":{"line":11,"column":20},"end":{"line":11,"column":25}},"1":{"start":{"line":12,"column":19},"end":{"line":14,"column":74}},"2":{"start":{"line":15,"column":15},"end":{"line":15,"column":83}},"3":{"start":{"line":16,"column":36},"end":{"line":16,"column":52}},"4":{"start":{"line":17,"column":40},"end":{"line":17,"column":51}},"5":{"start":{"line":18,"column":2},"end":{"line":20,"column":18}},"6":{"start":{"line":19,"column":4},"end":{"line":19,"column":22}},"7":{"start":{"line":21,"column":20},"end":{"line":29,"column":3}},"8":{"start":{"line":22,"column":4},"end":{"line":22,"column":31}},"9":{"start":{"line":24,"column":4},"end":{"line":27,"column":5}},"10":{"start":{"line":25,"column":6},"end":{"line":25,"column":32}},"11":{"start":{"line":26,"column":6},"end":{"line":26,"column":27}},"12":{"start":{"line":28,"column":4},"end":{"line":28,"column":69}},"13":{"start":{"line":31,"column":24},"end":{"line":71,"column":3}},"14":{"start":{"line":32,"column":22},"end":{"line":32,"column":33}},"15":{"start":{"line":33,"column":4},"end":{"line":35,"column":5}},"16":{"start":{"line":34,"column":6},"end":{"line":34,"column":23}},"17":{"start":{"line":36,"column":22},"end":{"line":36,"column":71}},"18":{"start":{"line":37,"column":4},"end":{"line":70,"column":6}},"19":{"start":{"line":39,"column":28},"end":{"line":39,"column":65}},"20":{"start":{"line":40,"column":8},"end":{"line":68,"column":10}},"21":{"start":{"line":72,"column":2},"end":{"line":117,"column":4}}},"fnMap":{"0":{"name":"OutfitList","decl":{"start":{"line":8,"column":9},"end":{"line":8,"column":19}},"loc":{"start":{"line":10,"column":3},"end":{"line":118,"column":1}},"line":10},"1":{"name":"(anonymous_1)","decl":{"start":{"line":18,"column":12},"end":{"line":18,"column":13}},"loc":{"start":{"line":18,"column":18},"end":{"line":20,"column":3}},"line":18},"2":{"name":"(anonymous_2)","decl":{"start":{"line":21,"column":20},"end":{"line":21,"column":21}},"loc":{"start":{"line":21,"column":26},"end":{"line":29,"column":3}},"line":21},"3":{"name":"(anonymous_3)","decl":{"start":{"line":31,"column":24},"end":{"line":31,"column":25}},"loc":{"start":{"line":31,"column":39},"end":{"line":71,"column":3}},"line":31},"4":{"name":"(anonymous_4)","decl":{"start":{"line":38,"column":20},"end":{"line":38,"column":21}},"loc":{"start":{"line":38,"column":28},"end":{"line":69,"column":7}},"line":38}},"branchMap":{"0":{"loc":{"start":{"line":12,"column":19},"end":{"line":14,"column":74}},"type":"binary-expr","locations":[{"start":{"line":12,"column":19},"end":{"line":12,"column":66}},{"start":{"line":13,"column":15},"end":{"line":13,"column":64}},{"start":{"line":14,"column":15},"end":{"line":14,"column":74}}],"line":12},"1":{"loc":{"start":{"line":15,"column":15},"end":{"line":15,"column":83}},"type":"cond-expr","locations":[{"start":{"line":15,"column":26},"end":{"line":15,"column":78}},{"start":{"line":15,"column":81},"end":{"line":15,"column":83}}],"line":15},"2":{"loc":{"start":{"line":24,"column":4},"end":{"line":27,"column":5}},"type":"if","locations":[{"start":{"line":24,"column":4},"end":{"line":27,"column":5}},{"start":{},"end":{}}],"line":24},"3":{"loc":{"start":{"line":33,"column":4},"end":{"line":35,"column":5}},"type":"if","locations":[{"start":{"line":33,"column":4},"end":{"line":35,"column":5}},{"start":{},"end":{}}],"line":33},"4":{"loc":{"start":{"line":42,"column":13},"end":{"line":51,"column":13}},"type":"binary-expr","locations":[{"start":{"line":42,"column":13},"end":{"line":42,"column":24}},{"start":{"line":43,"column":12},"end":{"line":50,"column":14}}],"line":42},"5":{"loc":{"start":{"line":52,"column":13},"end":{"line":65,"column":13}},"type":"binary-expr","locations":[{"start":{"line":52,"column":13},"end":{"line":52,"column":25}},{"start":{"line":53,"column":12},"end":{"line":64,"column":14}}],"line":52},"6":{"loc":{"start":{"line":74,"column":7},"end":{"line":80,"column":7}},"type":"binary-expr","locations":[{"start":{"line":74,"column":7},"end":{"line":74,"column":22}},{"start":{"line":75,"column":6},"end":{"line":79,"column":12}}],"line":74},"7":{"loc":{"start":{"line":81,"column":7},"end":{"line":91,"column":9}},"type":"binary-expr","locations":[{"start":{"line":81,"column":7},"end":{"line":81,"column":24}},{"start":{"line":83,"column":8},"end":{"line":90,"column":13}}],"line":81},"8":{"loc":{"start":{"line":92,"column":7},"end":{"line":97,"column":7}},"type":"binary-expr","locations":[{"start":{"line":92,"column":7},"end":{"line":92,"column":22}},{"start":{"line":94,"column":6},"end":{"line":96,"column":11}}],"line":92},"9":{"loc":{"start":{"line":99,"column":7},"end":{"line":106,"column":8}},"type":"binary-expr","locations":[{"start":{"line":99,"column":8},"end":{"line":99,"column":25}},{"start":{"line":99,"column":29},"end":{"line":99,"column":49}},{"start":{"line":101,"column":7},"end":{"line":105,"column":13}}],"line":99},"10":{"loc":{"start":{"line":108,"column":7},"end":{"line":114,"column":8}},"type":"binary-expr","locations":[{"start":{"line":108,"column":8},"end":{"line":108,"column":23}},{"start":{"line":108,"column":27},"end":{"line":108,"column":62}},{"start":{"line":110,"column":7},"end":{"line":113,"column":13}}],"line":108}},"s":{"0":3,"1":3,"2":3,"3":3,"4":3,"5":3,"6":1,"7":3,"8":1,"9":1,"10":1,"11":1,"12":1,"13":3,"14":2,"15":2,"16":0,"17":2,"18":2,"19":6,"20":6,"21":3},"f":{"0":3,"1":1,"2":1,"3":2,"4":6},"b":{"0":[3,3,3],"1":[3,0],"2":[1,0],"3":[0,2],"4":[6,3],"5":[6,3],"6":[3,0],"7":[3,3],"8":[3,0],"9":[3,3,3],"10":[3,0,0]},"_coverageSchema":"1a1c01bbd47fc00a2c39e90264f33305004495a9","hash":"fa69d186216f220e3a2c6aaffca514c377cae2ac"}
,"/Users/ruojialiu/Desktop/HRProject/Atelier/client/src/components/related-items-and-outfit/components/ProductCard.jsx": {"path":"/Users/ruojialiu/Desktop/HRProject/Atelier/client/src/components/related-items-and-outfit/components/ProductCard.jsx","statementMap":{"0":{"start":{"line":8,"column":32},"end":{"line":8,"column":45}},"1":{"start":{"line":9,"column":34},"end":{"line":9,"column":46}},"2":{"start":{"line":10,"column":26},"end":{"line":10,"column":38}},"3":{"start":{"line":11,"column":43},"end":{"line":11,"column":54}},"4":{"start":{"line":12,"column":36},"end":{"line":12,"column":50}},"5":{"start":{"line":13,"column":30},"end":{"line":13,"column":42}},"6":{"start":{"line":14,"column":2},"end":{"line":53,"column":11}},"7":{"start":{"line":15,"column":4},"end":{"line":52,"column":55}},"8":{"start":{"line":16,"column":21},"end":{"line":16,"column":29}},"9":{"start":{"line":19,"column":20},"end":{"line":19,"column":21}},"10":{"start":{"line":20,"column":20},"end":{"line":20,"column":21}},"11":{"start":{"line":21,"column":8},"end":{"line":24,"column":9}},"12":{"start":{"line":22,"column":10},"end":{"line":22,"column":65}},"13":{"start":{"line":23,"column":10},"end":{"line":23,"column":49}},"14":{"start":{"line":25,"column":8},"end":{"line":25,"column":47}},"15":{"start":{"line":29,"column":25},"end":{"line":29,"column":33}},"16":{"start":{"line":31,"column":12},"end":{"line":31,"column":62}},"17":{"start":{"line":32,"column":12},"end":{"line":32,"column":55}},"18":{"start":{"line":33,"column":29},"end":{"line":33,"column":31}},"19":{"start":{"line":34,"column":12},"end":{"line":38,"column":15}},"20":{"start":{"line":35,"column":14},"end":{"line":37,"column":15}},"21":{"start":{"line":36,"column":16},"end":{"line":36,"column":59}},"22":{"start":{"line":39,"column":12},"end":{"line":39,"column":32}},"23":{"start":{"line":41,"column":26},"end":{"line":41,"column":63}},"24":{"start":{"line":45,"column":25},"end":{"line":45,"column":33}},"25":{"start":{"line":47,"column":12},"end":{"line":47,"column":41}},"26":{"start":{"line":48,"column":12},"end":{"line":48,"column":33}},"27":{"start":{"line":50,"column":28},"end":{"line":50,"column":62}},"28":{"start":{"line":52,"column":22},"end":{"line":52,"column":53}},"29":{"start":{"line":55,"column":2},"end":{"line":68,"column":4}}},"fnMap":{"0":{"name":"ProductCard","decl":{"start":{"line":5,"column":9},"end":{"line":5,"column":20}},"loc":{"start":{"line":7,"column":3},"end":{"line":69,"column":1}},"line":7},"1":{"name":"(anonymous_1)","decl":{"start":{"line":14,"column":12},"end":{"line":14,"column":13}},"loc":{"start":{"line":14,"column":18},"end":{"line":53,"column":3}},"line":14},"2":{"name":"(anonymous_2)","decl":{"start":{"line":16,"column":12},"end":{"line":16,"column":13}},"loc":{"start":{"line":16,"column":21},"end":{"line":16,"column":29}},"line":16},"3":{"name":"(anonymous_3)","decl":{"start":{"line":17,"column":12},"end":{"line":17,"column":13}},"loc":{"start":{"line":17,"column":24},"end":{"line":26,"column":7}},"line":17},"4":{"name":"(anonymous_4)","decl":{"start":{"line":29,"column":16},"end":{"line":29,"column":17}},"loc":{"start":{"line":29,"column":25},"end":{"line":29,"column":33}},"line":29},"5":{"name":"(anonymous_5)","decl":{"start":{"line":30,"column":16},"end":{"line":30,"column":17}},"loc":{"start":{"line":30,"column":28},"end":{"line":40,"column":11}},"line":30},"6":{"name":"(anonymous_6)","decl":{"start":{"line":34,"column":35},"end":{"line":34,"column":36}},"loc":{"start":{"line":34,"column":44},"end":{"line":38,"column":13}},"line":34},"7":{"name":"(anonymous_7)","decl":{"start":{"line":41,"column":17},"end":{"line":41,"column":18}},"loc":{"start":{"line":41,"column":26},"end":{"line":41,"column":63}},"line":41},"8":{"name":"(anonymous_8)","decl":{"start":{"line":45,"column":16},"end":{"line":45,"column":17}},"loc":{"start":{"line":45,"column":25},"end":{"line":45,"column":33}},"line":45},"9":{"name":"(anonymous_9)","decl":{"start":{"line":46,"column":16},"end":{"line":46,"column":17}},"loc":{"start":{"line":46,"column":28},"end":{"line":49,"column":11}},"line":46},"10":{"name":"(anonymous_10)","decl":{"start":{"line":50,"column":17},"end":{"line":50,"column":18}},"loc":{"start":{"line":50,"column":26},"end":{"line":50,"column":64}},"line":50},"11":{"name":"(anonymous_11)","decl":{"start":{"line":52,"column":13},"end":{"line":52,"column":14}},"loc":{"start":{"line":52,"column":22},"end":{"line":52,"column":53}},"line":52}},"branchMap":{"0":{"loc":{"start":{"line":35,"column":14},"end":{"line":37,"column":15}},"type":"if","locations":[{"start":{"line":35,"column":14},"end":{"line":37,"column":15}},{"start":{},"end":{}}],"line":35},"1":{"loc":{"start":{"line":35,"column":18},"end":{"line":35,"column":67}},"type":"binary-expr","locations":[{"start":{"line":35,"column":18},"end":{"line":35,"column":44}},{"start":{"line":35,"column":48},"end":{"line":35,"column":67}}],"line":35}},"s":{"0":19,"1":19,"2":19,"3":19,"4":19,"5":19,"6":19,"7":11,"8":11,"9":11,"10":11,"11":11,"12":0,"13":0,"14":11,"15":11,"16":11,"17":0,"18":0,"19":0,"20":0,"21":0,"22":0,"23":11,"24":11,"25":11,"26":11,"27":0,"28":0,"29":19},"f":{"0":19,"1":11,"2":11,"3":11,"4":11,"5":11,"6":0,"7":11,"8":11,"9":11,"10":0,"11":0},"b":{"0":[0,0],"1":[0,0]},"_coverageSchema":"1a1c01bbd47fc00a2c39e90264f33305004495a9","hash":"366b0283bf0c70356574e276bf8a34d73fc94e48"}
,"/Users/ruojialiu/Desktop/HRProject/Atelier/client/src/components/related-items-and-outfit/components/RelatedList.jsx": {"path":"/Users/ruojialiu/Desktop/HRProject/Atelier/client/src/components/related-items-and-outfit/components/RelatedList.jsx","statementMap":{"0":{"start":{"line":12,"column":20},"end":{"line":12,"column":65}},"1":{"start":{"line":13,"column":2},"end":{"line":44,"column":8}},"2":{"start":{"line":15,"column":26},"end":{"line":15,"column":63}},"3":{"start":{"line":16,"column":6},"end":{"line":43,"column":8}},"4":{"start":{"line":50,"column":37},"end":{"line":50,"column":49}},"5":{"start":{"line":51,"column":40},"end":{"line":51,"column":51}},"6":{"start":{"line":52,"column":2},"end":{"line":66,"column":18}},"7":{"start":{"line":53,"column":4},"end":{"line":53,"column":22}},"8":{"start":{"line":54,"column":4},"end":{"line":65,"column":69}},"9":{"start":{"line":55,"column":21},"end":{"line":55,"column":29}},"10":{"start":{"line":57,"column":20},"end":{"line":57,"column":22}},"11":{"start":{"line":58,"column":8},"end":{"line":62,"column":11}},"12":{"start":{"line":59,"column":10},"end":{"line":61,"column":11}},"13":{"start":{"line":60,"column":12},"end":{"line":60,"column":25}},"14":{"start":{"line":63,"column":8},"end":{"line":63,"column":27}},"15":{"start":{"line":65,"column":22},"end":{"line":65,"column":67}},"16":{"start":{"line":67,"column":2},"end":{"line":91,"column":4}}},"fnMap":{"0":{"name":"RelatedListHelper","decl":{"start":{"line":9,"column":9},"end":{"line":9,"column":26}},"loc":{"start":{"line":11,"column":3},"end":{"line":45,"column":1}},"line":11},"1":{"name":"(anonymous_1)","decl":{"start":{"line":14,"column":18},"end":{"line":14,"column":19}},"loc":{"start":{"line":14,"column":26},"end":{"line":44,"column":5}},"line":14},"2":{"name":"RelatedList","decl":{"start":{"line":47,"column":9},"end":{"line":47,"column":20}},"loc":{"start":{"line":49,"column":3},"end":{"line":92,"column":1}},"line":49},"3":{"name":"(anonymous_3)","decl":{"start":{"line":52,"column":12},"end":{"line":52,"column":13}},"loc":{"start":{"line":52,"column":18},"end":{"line":66,"column":3}},"line":52},"4":{"name":"(anonymous_4)","decl":{"start":{"line":55,"column":12},"end":{"line":55,"column":13}},"loc":{"start":{"line":55,"column":21},"end":{"line":55,"column":29}},"line":55},"5":{"name":"(anonymous_5)","decl":{"start":{"line":56,"column":12},"end":{"line":56,"column":13}},"loc":{"start":{"line":56,"column":24},"end":{"line":64,"column":7}},"line":56},"6":{"name":"(anonymous_6)","decl":{"start":{"line":58,"column":23},"end":{"line":58,"column":24}},"loc":{"start":{"line":58,"column":31},"end":{"line":62,"column":9}},"line":58},"7":{"name":"(anonymous_7)","decl":{"start":{"line":65,"column":13},"end":{"line":65,"column":14}},"loc":{"start":{"line":65,"column":22},"end":{"line":65,"column":67}},"line":65}},"branchMap":{"0":{"loc":{"start":{"line":18,"column":11},"end":{"line":26,"column":11}},"type":"binary-expr","locations":[{"start":{"line":18,"column":11},"end":{"line":18,"column":22}},{"start":{"line":19,"column":10},"end":{"line":25,"column":12}}],"line":18},"1":{"loc":{"start":{"line":27,"column":11},"end":{"line":40,"column":11}},"type":"binary-expr","locations":[{"start":{"line":27,"column":11},"end":{"line":27,"column":23}},{"start":{"line":28,"column":10},"end":{"line":39,"column":12}}],"line":27},"2":{"loc":{"start":{"line":59,"column":10},"end":{"line":61,"column":11}},"type":"if","locations":[{"start":{"line":59,"column":10},"end":{"line":61,"column":11}},{"start":{},"end":{}}],"line":59},"3":{"loc":{"start":{"line":59,"column":14},"end":{"line":59,"column":53}},"type":"binary-expr","locations":[{"start":{"line":59,"column":14},"end":{"line":59,"column":33}},{"start":{"line":59,"column":37},"end":{"line":59,"column":53}}],"line":59},"4":{"loc":{"start":{"line":69,"column":8},"end":{"line":73,"column":7}},"type":"binary-expr","locations":[{"start":{"line":69,"column":8},"end":{"line":69,"column":23}},{"start":{"line":70,"column":6},"end":{"line":72,"column":12}}],"line":69},"5":{"loc":{"start":{"line":84,"column":8},"end":{"line":89,"column":7}},"type":"binary-expr","locations":[{"start":{"line":84,"column":8},"end":{"line":84,"column":42}},{"start":{"line":86,"column":6},"end":{"line":88,"column":12}}],"line":84}},"s":{"0":5,"1":5,"2":8,"3":8,"4":5,"5":5,"6":5,"7":3,"8":3,"9":3,"10":3,"11":3,"12":13,"13":12,"14":2,"15":1,"16":5},"f":{"0":5,"1":8,"2":5,"3":3,"4":3,"5":3,"6":13,"7":1},"b":{"0":[8,8],"1":[8,0],"2":[12,1],"3":[13,12],"4":[5,0],"5":[5,2]},"_coverageSchema":"1a1c01bbd47fc00a2c39e90264f33305004495a9","hash":"0c137d4574aa7d21acc74ba3f9ebe4dc1cdf32a2"}
,"/Users/ruojialiu/Desktop/HRProject/Atelier/client/src/components/related-items-and-outfit/components/RightArrow.jsx": {"path":"/Users/ruojialiu/Desktop/HRProject/Atelier/client/src/components/related-items-and-outfit/components/RightArrow.jsx","statementMap":{"0":{"start":{"line":4,"column":16},"end":{"line":4,"column":19}},"1":{"start":{"line":5,"column":2},"end":{"line":17,"column":4}},"2":{"start":{"line":10,"column":8},"end":{"line":10,"column":28}}},"fnMap":{"0":{"name":"RightArrow","decl":{"start":{"line":3,"column":9},"end":{"line":3,"column":19}},"loc":{"start":{"line":3,"column":41},"end":{"line":18,"column":1}},"line":3},"1":{"name":"(anonymous_1)","decl":{"start":{"line":9,"column":15},"end":{"line":9,"column":16}},"loc":{"start":{"line":9,"column":21},"end":{"line":11,"column":7}},"line":9}},"branchMap":{},"s":{"0":10,"1":10,"2":1},"f":{"0":10,"1":1},"b":{},"_coverageSchema":"1a1c01bbd47fc00a2c39e90264f33305004495a9","hash":"be39f4d2a3d81af4d422f341a27bfc500db64229"}
,"/Users/ruojialiu/Desktop/HRProject/Atelier/client/src/components/related-items-and-outfit/components/StarButton.jsx": {"path":"/Users/ruojialiu/Desktop/HRProject/Atelier/client/src/components/related-items-and-outfit/components/StarButton.jsx","statementMap":{"0":{"start":{"line":5,"column":32},"end":{"line":5,"column":47}},"1":{"start":{"line":7,"column":22},"end":{"line":9,"column":3}},"2":{"start":{"line":8,"column":4},"end":{"line":8,"column":25}},"3":{"start":{"line":10,"column":2},"end":{"line":22,"column":4}},"4":{"start":{"line":16,"column":25},"end":{"line":16,"column":39}}},"fnMap":{"0":{"name":"StarButton","decl":{"start":{"line":4,"column":9},"end":{"line":4,"column":19}},"loc":{"start":{"line":4,"column":43},"end":{"line":23,"column":1}},"line":4},"1":{"name":"(anonymous_1)","decl":{"start":{"line":7,"column":22},"end":{"line":7,"column":23}},"loc":{"start":{"line":7,"column":28},"end":{"line":9,"column":3}},"line":7},"2":{"name":"(anonymous_2)","decl":{"start":{"line":16,"column":17},"end":{"line":16,"column":18}},"loc":{"start":{"line":16,"column":23},"end":{"line":16,"column":41}},"line":16}},"branchMap":{"0":{"loc":{"start":{"line":20,"column":7},"end":{"line":20,"column":74}},"type":"binary-expr","locations":[{"start":{"line":20,"column":7},"end":{"line":20,"column":14}},{"start":{"line":20,"column":18},"end":{"line":20,"column":74}}],"line":20}},"s":{"0":10,"1":10,"2":1,"3":10,"4":1},"f":{"0":10,"1":1,"2":1},"b":{"0":[10,1]},"_coverageSchema":"1a1c01bbd47fc00a2c39e90264f33305004495a9","hash":"180f9cd3eb29a8de26abaf037262be2cf974487f"}
}
