TN:
SF:client/src/components/overview/components/Basics/Basics.jsx
FN:4,Basics
FNF:1
FNH:1
FNDA:1,Basics
DA:5,1
LF:1
LH:1
BRF:0
BRH:0
end_of_record
TN:
SF:client/src/components/overview/components/Basics/Price.jsx
FN:3,Price
FN:8,(anonymous_1)
FNF:2
FNH:2
FNDA:2,Price
FNDA:1,(anonymous_1)
DA:4,2
DA:5,2
DA:6,2
DA:8,2
DA:9,1
DA:10,1
DA:11,1
DA:12,1
DA:14,0
DA:15,0
DA:19,2
LF:11
LH:9
BRDA:10,0,0,1
BRDA:10,0,1,0
BRF:2
BRH:1
end_of_record
TN:
SF:client/src/components/qs-and-as/AEntry.jsx
FN:4,(anonymous_0)
FN:9,(anonymous_1)
FN:15,(anonymous_2)
FN:21,(anonymous_3)
FN:23,(anonymous_4)
FN:24,(anonymous_5)
FN:27,(anonymous_6)
FN:30,(anonymous_7)
FN:31,(anonymous_8)
FN:42,(anonymous_9)
FN:42,(anonymous_10)
FN:44,(anonymous_11)
FNF:12
FNH:0
FNDA:0,(anonymous_0)
FNDA:0,(anonymous_1)
FNDA:0,(anonymous_2)
FNDA:0,(anonymous_3)
FNDA:0,(anonymous_4)
FNDA:0,(anonymous_5)
FNDA:0,(anonymous_6)
FNDA:0,(anonymous_7)
FNDA:0,(anonymous_8)
FNDA:0,(anonymous_9)
FNDA:0,(anonymous_10)
FNDA:0,(anonymous_11)
DA:4,1
DA:5,0
DA:6,0
DA:7,0
DA:9,0
DA:10,0
DA:11,0
DA:12,0
DA:15,0
DA:16,0
DA:17,0
DA:18,0
DA:21,0
DA:22,0
DA:23,0
DA:24,0
DA:27,0
DA:28,0
DA:29,0
DA:30,0
DA:31,0
DA:34,0
DA:42,0
DA:44,0
LF:24
LH:1
BRDA:43,0,0,0
BRDA:43,0,1,0
BRDA:48,1,0,0
BRDA:48,1,1,0
BRDA:50,2,0,0
BRDA:50,2,1,0
BRF:6
BRH:0
end_of_record
TN:
SF:client/src/components/qs-and-as/AddAnswer.jsx
FN:5,AddAnswer
FN:11,(anonymous_1)
FN:36,(anonymous_2)
FN:43,(anonymous_3)
FN:47,(anonymous_4)
FN:54,(anonymous_5)
FNF:6
FNH:0
FNDA:0,AddAnswer
FNDA:0,(anonymous_1)
FNDA:0,(anonymous_2)
FNDA:0,(anonymous_3)
FNDA:0,(anonymous_4)
FNDA:0,(anonymous_5)
DA:6,0
DA:7,0
DA:8,0
DA:9,0
DA:11,0
DA:12,0
DA:13,0
DA:20,0
DA:21,0
DA:26,0
DA:36,0
DA:43,0
DA:47,0
DA:54,0
LF:14
LH:0
BRF:0
BRH:0
end_of_record
TN:
SF:client/src/components/qs-and-as/AddQuestion.jsx
FN:4,AddQuestion
FN:9,handleSubmit
FN:20,(anonymous_2)
FN:29,(anonymous_3)
FN:36,(anonymous_4)
FN:40,(anonymous_5)
FN:44,(anonymous_6)
FNF:7
FNH:0
FNDA:0,AddQuestion
FNDA:0,handleSubmit
FNDA:0,(anonymous_2)
FNDA:0,(anonymous_3)
FNDA:0,(anonymous_4)
FNDA:0,(anonymous_5)
FNDA:0,(anonymous_6)
DA:5,0
DA:6,0
DA:7,0
DA:10,0
DA:11,0
DA:18,0
DA:20,0
DA:23,0
DA:29,0
DA:36,0
DA:40,0
DA:44,0
LF:12
LH:0
BRF:0
BRH:0
end_of_record
TN:
SF:client/src/components/qs-and-as/Jay-PhotoUpload-URL.jsx
FN:4,PhotoUpload
FN:5,previewFiles
FN:9,readAndPreview
FN:11,(anonymous_3)
FNF:4
FNH:0
FNDA:0,PhotoUpload
FNDA:0,previewFiles
FNDA:0,readAndPreview
FNDA:0,(anonymous_3)
DA:6,0
DA:7,0
DA:10,0
DA:11,0
DA:12,0
DA:13,0
DA:14,0
DA:15,0
DA:16,0
DA:17,0
DA:18,0
DA:20,0
DA:23,0
DA:24,0
DA:28,0
DA:30,0
DA:31,0
DA:35,0
LF:18
LH:0
BRDA:23,0,0,0
BRDA:23,0,1,0
BRDA:30,1,0,0
BRDA:30,1,1,0
BRF:4
BRH:0
end_of_record
TN:
SF:client/src/components/qs-and-as/QAListView.jsx
FN:7,(anonymous_0)
FN:13,(anonymous_1)
FN:19,(anonymous_2)
FN:22,(anonymous_3)
FN:29,(anonymous_4)
FN:30,(anonymous_5)
FN:31,(anonymous_6)
FNF:7
FNH:4
FNDA:1,(anonymous_0)
FNDA:1,(anonymous_1)
FNDA:1,(anonymous_2)
FNDA:1,(anonymous_3)
FNDA:0,(anonymous_4)
FNDA:0,(anonymous_5)
FNDA:0,(anonymous_6)
DA:7,1
DA:8,1
DA:9,1
DA:10,1
DA:11,1
DA:13,1
DA:14,1
DA:18,1
DA:19,1
DA:22,1
DA:23,1
DA:26,1
DA:29,0
DA:30,0
DA:31,0
LF:15
LH:12
BRDA:30,0,0,0
BRDA:30,0,1,1
BRDA:32,1,0,0
BRDA:32,1,1,1
BRF:4
BRH:2
end_of_record
TN:
SF:client/src/components/qs-and-as/QASearch.jsx
FN:3,(anonymous_0)
FN:8,(anonymous_1)
FN:10,(anonymous_2)
FN:11,(anonymous_3)
FN:13,(anonymous_4)
FN:23,(anonymous_5)
FNF:6
FNH:2
FNDA:1,(anonymous_0)
FNDA:1,(anonymous_1)
FNDA:0,(anonymous_2)
FNDA:0,(anonymous_3)
FNDA:0,(anonymous_4)
FNDA:0,(anonymous_5)
DA:3,1
DA:4,1
DA:6,1
DA:8,1
DA:9,1
DA:10,0
DA:11,0
DA:12,0
DA:13,0
DA:15,1
DA:16,0
DA:17,1
DA:21,1
DA:23,0
LF:14
LH:8
BRDA:9,0,0,0
BRDA:9,0,1,1
BRDA:15,1,0,0
BRDA:15,1,1,1
BRDA:15,2,0,1
BRDA:15,2,1,1
BRF:6
BRH:4
end_of_record
TN:
SF:client/src/components/qs-and-as/QEntry.jsx
FN:6,(anonymous_0)
FN:7,(anonymous_1)
FN:13,(anonymous_2)
FN:22,(anonymous_3)
FN:23,(anonymous_4)
FN:26,(anonymous_5)
FN:27,(anonymous_6)
FN:28,(anonymous_7)
FNF:8
FNH:0
FNDA:0,(anonymous_0)
FNDA:0,(anonymous_1)
FNDA:0,(anonymous_2)
FNDA:0,(anonymous_3)
FNDA:0,(anonymous_4)
FNDA:0,(anonymous_5)
FNDA:0,(anonymous_6)
FNDA:0,(anonymous_7)
DA:6,1
DA:7,0
DA:9,0
DA:10,0
DA:11,0
DA:13,0
DA:14,0
DA:17,0
DA:22,0
DA:23,0
DA:26,0
DA:27,0
DA:28,0
LF:13
LH:1
BRDA:24,0,0,0
BRDA:24,0,1,0
BRDA:27,1,0,0
BRDA:27,1,1,0
BRDA:28,2,0,0
BRDA:28,2,1,0
BRF:6
BRH:0
end_of_record
TN:
SF:client/src/components/ratings-and-reviews/review-list/Star.jsx
FN:3,Star
FN:7,(anonymous_1)
FN:11,(anonymous_2)
FNF:3
FNH:3
FNDA:26,Star
FNDA:130,(anonymous_1)
FNDA:130,(anonymous_2)
DA:4,26
DA:8,130
DA:12,130
LF:3
LH:3
BRF:0
BRH:0
end_of_record
TN:
SF:client/src/components/related-items-and-outfit/components/CardDetail.jsx
FN:6,PhotoGallery
FN:10,(anonymous_1)
FN:18,(anonymous_2)
FN:22,(anonymous_3)
FN:25,(anonymous_4)
FN:26,(anonymous_5)
FN:34,CardDetail
FN:47,(anonymous_7)
FN:53,(anonymous_8)
FN:75,(anonymous_9)
FN:77,(anonymous_10)
FN:78,(anonymous_11)
FN:104,(anonymous_12)
FNF:13
FNH:6
FNDA:1,PhotoGallery
FNDA:2,(anonymous_1)
FNDA:0,(anonymous_2)
FNDA:0,(anonymous_3)
FNDA:0,(anonymous_4)
FNDA:0,(anonymous_5)
FNDA:25,CardDetail
FNDA:25,(anonymous_7)
FNDA:0,(anonymous_8)
FNDA:0,(anonymous_9)
FNDA:1,(anonymous_10)
FNDA:1,(anonymous_11)
FNDA:0,(anonymous_12)
DA:9,1
DA:11,2
DA:12,1
DA:14,2
DA:18,0
DA:23,0
DA:25,0
DA:26,0
DA:38,25
DA:39,25
DA:40,25
DA:41,25
DA:42,25
DA:43,25
DA:44,25
DA:45,25
DA:46,25
DA:47,25
DA:48,25
DA:49,25
DA:50,25
DA:53,25
DA:54,0
DA:56,25
DA:57,2
DA:59,25
DA:60,25
DA:61,25
DA:75,0
DA:77,1
DA:78,1
DA:104,0
LF:32
LH:25
BRDA:11,0,0,1
BRDA:11,0,1,1
BRDA:15,1,0,1
BRDA:15,1,1,1
BRDA:56,2,0,2
BRDA:56,2,1,23
BRDA:65,3,0,25
BRDA:65,3,1,0
BRDA:81,4,0,25
BRDA:81,4,1,5
BRDA:90,5,0,25
BRDA:90,5,1,1
BRDA:108,6,0,25
BRDA:108,6,1,3
BRDA:124,7,0,25
BRDA:124,7,1,22
BRDA:132,8,0,25
BRDA:132,8,1,25
BRF:18
BRH:17
end_of_record
TN:
SF:client/src/components/related-items-and-outfit/components/ComparisonView.jsx
FN:4,CompareHelper
FN:38,(anonymous_1)
FN:49,ComparisonView
FN:54,(anonymous_3)
FN:57,(anonymous_4)
FN:61,(anonymous_5)
FN:66,(anonymous_6)
FN:67,(anonymous_7)
FN:69,(anonymous_8)
FN:74,(anonymous_9)
FN:84,(anonymous_10)
FNF:11
FNH:11
FNDA:1,CompareHelper
FNDA:5,(anonymous_1)
FNDA:3,ComparisonView
FNDA:2,(anonymous_3)
FNDA:2,(anonymous_4)
FNDA:3,(anonymous_5)
FNDA:1,(anonymous_6)
FNDA:2,(anonymous_7)
FNDA:2,(anonymous_8)
FNDA:3,(anonymous_9)
FNDA:1,(anonymous_10)
DA:6,1
DA:7,1
DA:8,1
DA:9,5
DA:10,5
DA:11,5
DA:12,3
DA:13,3
DA:14,0
DA:16,3
DA:17,1
DA:19,3
DA:21,2
DA:23,5
DA:24,3
DA:25,3
DA:26,0
DA:28,3
DA:29,2
DA:31,3
DA:33,2
DA:37,1
DA:39,5
DA:50,3
DA:51,3
DA:52,3
DA:53,3
DA:54,3
DA:55,2
DA:56,2
DA:58,2
DA:59,2
DA:60,2
DA:61,2
DA:62,3
DA:63,3
DA:66,1
DA:68,2
DA:70,2
DA:71,2
DA:72,2
DA:73,2
DA:74,2
DA:75,3
DA:76,3
DA:77,2
DA:79,1
DA:82,1
DA:84,1
DA:87,3
DA:88,3
LF:51
LH:49
BRDA:11,0,0,3
BRDA:11,0,1,2
BRDA:13,1,0,0
BRDA:13,1,1,3
BRDA:16,2,0,1
BRDA:16,2,1,2
BRDA:23,3,0,3
BRDA:23,3,1,2
BRDA:25,4,0,0
BRDA:25,4,1,3
BRDA:28,5,0,2
BRDA:28,5,1,1
BRDA:76,6,0,2
BRDA:76,6,1,1
BRDA:91,7,0,3
BRDA:91,7,1,1
BRF:16
BRH:14
end_of_record
TN:
SF:client/src/components/related-items-and-outfit/components/DeleteButton.jsx
FN:3,DeleteButton
FN:4,(anonymous_1)
FNF:2
FNH:2
FNDA:7,DeleteButton
FNDA:1,(anonymous_1)
DA:4,7
DA:5,1
DA:6,1
DA:7,1
DA:8,1
DA:9,1
DA:11,7
LF:7
LH:7
BRF:0
BRH:0
end_of_record
TN:
SF:client/src/components/related-items-and-outfit/components/LeftArrow.jsx
FN:3,LeftArrow
FN:9,(anonymous_1)
FNF:2
FNH:2
FNDA:1,LeftArrow
FNDA:1,(anonymous_1)
DA:4,1
DA:5,1
DA:10,1
LF:3
LH:3
BRF:0
BRH:0
end_of_record
TN:
SF:client/src/components/related-items-and-outfit/components/OutfitList.jsx
FN:8,OutfitList
FN:18,(anonymous_1)
FN:21,(anonymous_2)
FN:31,(anonymous_3)
FN:38,(anonymous_4)
FNF:5
FNH:5
FNDA:3,OutfitList
FNDA:1,(anonymous_1)
FNDA:1,(anonymous_2)
FNDA:2,(anonymous_3)
FNDA:6,(anonymous_4)
DA:11,3
DA:12,3
DA:15,3
DA:16,3
DA:17,3
DA:18,3
DA:19,1
DA:21,3
DA:22,1
DA:24,1
DA:25,1
DA:26,1
DA:28,1
DA:31,3
DA:32,2
DA:33,2
DA:34,0
DA:36,2
DA:37,2
DA:39,6
DA:40,6
DA:72,3
LF:22
LH:21
BRDA:12,0,0,3
BRDA:12,0,1,3
BRDA:12,0,2,3
BRDA:15,1,0,3
BRDA:15,1,1,0
BRDA:24,2,0,1
BRDA:24,2,1,0
BRDA:33,3,0,0
BRDA:33,3,1,2
BRDA:42,4,0,6
BRDA:42,4,1,3
BRDA:52,5,0,6
BRDA:52,5,1,3
BRDA:74,6,0,3
BRDA:74,6,1,0
BRDA:81,7,0,3
BRDA:81,7,1,3
BRDA:92,8,0,3
BRDA:92,8,1,0
BRDA:99,9,0,3
BRDA:99,9,1,3
BRDA:99,9,2,3
BRDA:108,10,0,3
BRDA:108,10,1,0
BRDA:108,10,2,0
BRF:25
BRH:18
end_of_record
TN:
SF:client/src/components/related-items-and-outfit/components/ProductCard.jsx
FN:5,ProductCard
FN:14,(anonymous_1)
FN:16,(anonymous_2)
FN:17,(anonymous_3)
FN:29,(anonymous_4)
FN:30,(anonymous_5)
FN:34,(anonymous_6)
FN:41,(anonymous_7)
FN:45,(anonymous_8)
FN:46,(anonymous_9)
FN:50,(anonymous_10)
FN:52,(anonymous_11)
FNF:12
FNH:9
FNDA:19,ProductCard
FNDA:11,(anonymous_1)
FNDA:11,(anonymous_2)
FNDA:11,(anonymous_3)
FNDA:11,(anonymous_4)
FNDA:11,(anonymous_5)
FNDA:0,(anonymous_6)
FNDA:11,(anonymous_7)
FNDA:11,(anonymous_8)
FNDA:11,(anonymous_9)
FNDA:0,(anonymous_10)
FNDA:0,(anonymous_11)
DA:8,19
DA:9,19
DA:10,19
DA:11,19
DA:12,19
DA:13,19
DA:14,19
DA:15,11
DA:16,11
DA:19,11
DA:20,11
DA:21,11
DA:22,0
DA:23,0
DA:25,11
DA:29,11
DA:31,11
DA:32,0
DA:33,0
DA:34,0
DA:35,0
DA:36,0
DA:39,0
DA:41,11
DA:45,11
DA:47,11
DA:48,11
DA:50,0
DA:52,0
DA:55,19
LF:30
LH:20
BRDA:35,0,0,0
BRDA:35,0,1,0
BRDA:35,1,0,0
BRDA:35,1,1,0
BRF:4
BRH:0
end_of_record
TN:
SF:client/src/components/related-items-and-outfit/components/RelatedList.jsx
FN:9,RelatedListHelper
FN:14,(anonymous_1)
FN:47,RelatedList
FN:52,(anonymous_3)
FN:55,(anonymous_4)
FN:56,(anonymous_5)
FN:58,(anonymous_6)
FN:65,(anonymous_7)
FNF:8
FNH:8
FNDA:5,RelatedListHelper
FNDA:8,(anonymous_1)
FNDA:5,RelatedList
FNDA:3,(anonymous_3)
FNDA:3,(anonymous_4)
FNDA:3,(anonymous_5)
FNDA:13,(anonymous_6)
FNDA:1,(anonymous_7)
DA:12,5
DA:13,5
DA:15,8
DA:16,8
DA:50,5
DA:51,5
DA:52,5
DA:53,3
DA:54,3
DA:55,3
DA:57,3
DA:58,3
DA:59,13
DA:60,12
DA:63,2
DA:65,1
DA:67,5
LF:17
LH:17
BRDA:18,0,0,8
BRDA:18,0,1,8
BRDA:27,1,0,8
BRDA:27,1,1,0
BRDA:59,2,0,12
BRDA:59,2,1,1
BRDA:59,3,0,13
BRDA:59,3,1,12
BRDA:69,4,0,5
BRDA:69,4,1,0
BRDA:84,5,0,5
BRDA:84,5,1,2
BRF:12
BRH:10
end_of_record
TN:
SF:client/src/components/related-items-and-outfit/components/RightArrow.jsx
FN:3,RightArrow
FN:9,(anonymous_1)
FNF:2
FNH:2
FNDA:10,RightArrow
FNDA:1,(anonymous_1)
DA:4,10
DA:5,10
DA:10,1
LF:3
LH:3
BRF:0
BRH:0
end_of_record
TN:
SF:client/src/components/related-items-and-outfit/components/StarButton.jsx
FN:4,StarButton
FN:7,(anonymous_1)
FN:16,(anonymous_2)
FNF:3
FNH:3
FNDA:10,StarButton
FNDA:1,(anonymous_1)
FNDA:1,(anonymous_2)
DA:5,10
DA:7,10
DA:8,1
DA:10,10
DA:16,1
LF:5
LH:5
BRDA:20,0,0,10
BRDA:20,0,1,1
BRF:2
BRH:2
end_of_record
